<?xml version="1.0" encoding="UTF-8"?>
<testng-results skipped="0" failed="0" ignored="0" total="1" passed="1">
  <reporter-output>
  </reporter-output>
  <suite name="Default suite" duration-ms="20755" started-at="2019-02-10T14:57:06Z" finished-at="2019-02-10T14:57:27Z">
    <groups>
    </groups>
    <test name="Default test" duration-ms="20755" started-at="2019-02-10T14:57:06Z" finished-at="2019-02-10T14:57:27Z">
      <class name="Selenium.com.JavaScriptExecutor">
        <test-method status="PASS" signature="login()[pri:0, instance:Selenium.com.JavaScriptExecutor@6acdbdf5]" name="login" duration-ms="20635" started-at="2019-02-10T14:57:06Z" finished-at="2019-02-10T14:57:27Z">
          <reporter-output>
          </reporter-output>
        </test-method> <!-- login -->
      </class> <!-- Selenium.com.JavaScriptExecutor -->
    </test> <!-- Default test -->
  </suite> <!-- Default suite -->
</testng-results>
